# JRE version: OpenJDK Runtime Environment (11.0.11+9) (build 11.0.11+9-b60-7590822)
# Java VM: OpenJDK 64-Bit Server VM (11.0.11+9-b60-7590822, mixed mode, tiered, compressed oops, g1 gc, windows-amd64)
Heap:
 garbage-first heap   total 155648K, used 93153K [0x0000000080000000, 0x0000000100000000)
  region size 1024K, 47 young (48128K), 8 survivors (8192K)
 Metaspace       used 64896K, capacity 66560K, committed 66764K, reserved 1107968K
  class space    used 8255K, capacity 8866K, committed 8908K, reserved 1048576K
GC Heap History (20 events):
Event: 5.730 GC heap before
{Heap before GC invocations=4 (full 0):
 garbage-first heap   total 129024K, used 68654K [0x0000000080000000, 0x0000000100000000)
  region size 1024K, 52 young (53248K), 2 survivors (2048K)
 Metaspace       used 25928K, capacity 26502K, committed 26752K, reserved 1073152K
  class space    used 3390K, capacity 3615K, committed 3712K, reserved 1048576K
}
Event: 5.733 GC heap after
{Heap after GC invocations=5 (full 0):
 garbage-first heap   total 129024K, used 19100K [0x0000000080000000, 0x0000000100000000)
  region size 1024K, 3 young (3072K), 3 survivors (3072K)
 Metaspace       used 25928K, capacity 26502K, committed 26752K, reserved 1073152K
  class space    used 3390K, capacity 3615K, committed 3712K, reserved 1048576K
}
Event: 7.007 GC heap before
{Heap before GC invocations=5 (full 0):
 garbage-first heap   total 129024K, used 77468K [0x0000000080000000, 0x0000000100000000)
  region size 1024K, 60 young (61440K), 3 survivors (3072K)
 Metaspace       used 34510K, capacity 35299K, committed 35584K, reserved 1079296K
  class space    used 4480K, capacity 4807K, committed 4864K, reserved 1048576K
}
Event: 7.013 GC heap after
{Heap after GC invocations=6 (full 0):
 garbage-first heap   total 129024K, used 22311K [0x0000000080000000, 0x0000000100000000)
  region size 1024K, 6 young (6144K), 6 survivors (6144K)
 Metaspace       used 34510K, capacity 35299K, committed 35584K, reserved 1079296K
  class space    used 4480K, capacity 4807K, committed 4864K, reserved 1048576K
}
Event: 7.093 GC heap before
{Heap before GC invocations=6 (full 0):
 garbage-first heap   total 129024K, used 24359K [0x0000000080000000, 0x0000000100000000)
  region size 1024K, 9 young (9216K), 6 survivors (6144K)
 Metaspace       used 35042K, capacity 35786K, committed 35840K, reserved 1081344K
  class space    used 4553K, capacity 4863K, committed 4864K, reserved 1048576K
}
Event: 7.104 GC heap after
{Heap after GC invocations=7 (full 0):
 garbage-first heap   total 129024K, used 23023K [0x0000000080000000, 0x0000000100000000)
  region size 1024K, 4 young (4096K), 4 survivors (4096K)
 Metaspace       used 35042K, capacity 35786K, committed 35840K, reserved 1081344K
  class space    used 4553K, capacity 4863K, committed 4864K, reserved 1048576K
}
Event: 7.848 GC heap before
{Heap before GC invocations=8 (full 0):
 garbage-first heap   total 129024K, used 69103K [0x0000000080000000, 0x0000000100000000)
  region size 1024K, 47 young (48128K), 4 survivors (4096K)
 Metaspace       used 38734K, capacity 39705K, committed 39884K, reserved 1083392K
  class space    used 4943K, capacity 5313K, committed 5324K, reserved 1048576K
}
Event: 7.857 GC heap after
{Heap after GC invocations=9 (full 0):
 garbage-first heap   total 129024K, used 26914K [0x0000000080000000, 0x0000000100000000)
  region size 1024K, 5 young (5120K), 5 survivors (5120K)
 Metaspace       used 38734K, capacity 39705K, committed 39884K, reserved 1083392K
  class space    used 4943K, capacity 5313K, committed 5324K, reserved 1048576K
}
Event: 9.228 GC heap before
{Heap before GC invocations=9 (full 0):
 garbage-first heap   total 129024K, used 72994K [0x0000000080000000, 0x0000000100000000)
  region size 1024K, 50 young (51200K), 5 survivors (5120K)
 Metaspace       used 42050K, capacity 43092K, committed 43212K, reserved 1087488K
  class space    used 5434K, capacity 5793K, committed 5836K, reserved 1048576K
}
Event: 9.234 GC heap after
{Heap after GC invocations=10 (full 0):
 garbage-first heap   total 129024K, used 28673K [0x0000000080000000, 0x0000000100000000)
  region size 1024K, 3 young (3072K), 3 survivors (3072K)
 Metaspace       used 42050K, capacity 43092K, committed 43212K, reserved 1087488K
  class space    used 5434K, capacity 5793K, committed 5836K, reserved 1048576K
}
Event: 10.443 GC heap before
{Heap before GC invocations=10 (full 0):
 garbage-first heap   total 129024K, used 77825K [0x0000000080000000, 0x0000000100000000)
  region size 1024K, 51 young (52224K), 3 survivors (3072K)
 Metaspace       used 46074K, capacity 47239K, committed 47308K, reserved 1089536K
  class space    used 5911K, capacity 6321K, committed 6348K, reserved 1048576K
}
Event: 10.450 GC heap after
{Heap after GC invocations=11 (full 0):
 garbage-first heap   total 129024K, used 30403K [0x0000000080000000, 0x0000000100000000)
  region size 1024K, 5 young (5120K), 5 survivors (5120K)
 Metaspace       used 46074K, capacity 47239K, committed 47308K, reserved 1089536K
  class space    used 5911K, capacity 6321K, committed 6348K, reserved 1048576K
}
Event: 13.630 GC heap before
{Heap before GC invocations=11 (full 0):
 garbage-first heap   total 129024K, used 83651K [0x0000000080000000, 0x0000000100000000)
  region size 1024K, 55 young (56320K), 5 survivors (5120K)
 Metaspace       used 48108K, capacity 49424K, committed 49612K, reserved 1091584K
  class space    used 6131K, capacity 6599K, committed 6604K, reserved 1048576K
}
Event: 13.646 GC heap after
{Heap after GC invocations=12 (full 0):
 garbage-first heap   total 129024K, used 38347K [0x0000000080000000, 0x0000000100000000)
  region size 1024K, 7 young (7168K), 7 survivors (7168K)
 Metaspace       used 48108K, capacity 49424K, committed 49612K, reserved 1091584K
  class space    used 6131K, capacity 6599K, committed 6604K, reserved 1048576K
}
Event: 15.639 GC heap before
{Heap before GC invocations=12 (full 0):
 garbage-first heap   total 129024K, used 90571K [0x0000000080000000, 0x0000000100000000)
  region size 1024K, 56 young (57344K), 7 survivors (7168K)
 Metaspace       used 53327K, capacity 54814K, committed 54988K, reserved 1097728K
  class space    used 6782K, capacity 7294K, committed 7372K, reserved 1048576K
}
Event: 15.657 GC heap after
{Heap after GC invocations=13 (full 0):
 garbage-first heap   total 129024K, used 46893K [0x0000000080000000, 0x0000000100000000)
  region size 1024K, 7 young (7168K), 7 survivors (7168K)
 Metaspace       used 53327K, capacity 54814K, committed 54988K, reserved 1097728K
  class space    used 6782K, capacity 7294K, committed 7372K, reserved 1048576K
}
Event: 17.359 GC heap before
{Heap before GC invocations=13 (full 0):
 garbage-first heap   total 129024K, used 78637K [0x0000000080000000, 0x0000000100000000)
  region size 1024K, 39 young (39936K), 7 survivors (7168K)
 Metaspace       used 58646K, capacity 60183K, committed 60236K, reserved 1101824K
  class space    used 7448K, capacity 7992K, committed 8012K, reserved 1048576K
}
Event: 17.372 GC heap after
{Heap after GC invocations=14 (full 0):
 garbage-first heap   total 155648K, used 48756K [0x0000000080000000, 0x0000000100000000)
  region size 1024K, 2 young (2048K), 2 survivors (2048K)
 Metaspace       used 58646K, capacity 60183K, committed 60236K, reserved 1101824K
  class space    used 7448K, capacity 7992K, committed 8012K, reserved 1048576K
}
Event: 20.200 GC heap before
{Heap before GC invocations=15 (full 0):
 garbage-first heap   total 155648K, used 108148K [0x0000000080000000, 0x0000000100000000)
  region size 1024K, 60 young (61440K), 2 survivors (2048K)
 Metaspace       used 64229K, capacity 65815K, committed 66124K, reserved 1105920K
  class space    used 8129K, capacity 8685K, committed 8780K, reserved 1048576K
}
Event: 20.208 GC heap after
{Heap after GC invocations=16 (full 0):
 garbage-first heap   total 155648K, used 54241K [0x0000000080000000, 0x0000000100000000)
  region size 1024K, 8 young (8192K), 8 survivors (8192K)
 Metaspace       used 64229K, capacity 65815K, committed 66124K, reserved 1105920K
  class space    used 8129K, capacity 8685K, committed 8780K, reserved 1048576K
}

